frontend/build/app/intermediates/manifest_merge_blame_file/release/processReleaseMainManifest/manifest-merger-blame-release-report.txt
1<?xml version="1.0" encoding="utf-8"?>
2<manifest xmlns:android="http://schemas.android.com/apk/res/android"
3    package="com.example.telecaller_app"
4    android:versionCode="1"
5    android:versionName="1.0.0" >
6
7    <uses-sdk
8        android:minSdkVersion="21"
9        android:targetSdkVersion="35" />
10    <!-- Permission for internet access -->
11    <uses-permission android:name="android.permission.INTERNET" />
11-->src\main\AndroidManifest.xml:3:5-67
11-->src\main\AndroidManifest.xml:3:22-64
12    <uses-permission android:name="android.permission.ACCESS_NETWORK_STATE" />
12-->src\main\AndroidManifest.xml:4:5-79
12-->src\main\AndroidManifest.xml:4:22-76
13    <!-- Permission for making phone calls directly -->
14    <uses-permission android:name="android.permission.CALL_PHONE" />
14-->src\main\AndroidManifest.xml:6:5-69
14-->src\main\AndroidManifest.xml:6:22-66
15    <!-- Permission for reading phone state to detect call answered -->
16    <uses-permission android:name="android.permission.READ_PHONE_STATE" />
16-->src\main\AndroidManifest.xml:8:5-75
16-->src\main\AndroidManifest.xml:8:22-72
17    <!-- Permission for reading call log to get call duration -->
18    <uses-permission android:name="android.permission.READ_CALL_LOG" />
18-->src\main\AndroidManifest.xml:10:5-72
18-->src\main\AndroidManifest.xml:10:22-69
19    <!--
20         Required to query activities that can process text, see:
21         https://developer.android.com/training/package-visibility and
22         https://developer.android.com/reference/android/content/Intent#ACTION_PROCESS_TEXT.
23
24         In particular, this is used by the Flutter engine in io.flutter.plugin.text.ProcessTextPlugin.
25    -->
26    <queries>
26-->src\main\AndroidManifest.xml:51:5-58:15
27        <intent>
27-->src\main\AndroidManifest.xml:52:9-55:18
28            <action android:name="android.intent.action.PROCESS_TEXT" />
28-->src\main\AndroidManifest.xml:53:13-72
28-->src\main\AndroidManifest.xml:53:21-70
29
30            <data android:mimeType="text/plain" />
30-->src\main\AndroidManifest.xml:54:13-50
30-->src\main\AndroidManifest.xml:54:19-48
31        </intent>
32        <!-- Query for call log provider -->
33        <provider android:authorities="com.android.providers.contacts" />
33-->src\main\AndroidManifest.xml:57:9-74
33-->src\main\AndroidManifest.xml:57:19-71
34    </queries>
35
36    <permission
36-->[androidx.core:core:1.13.1] AndroidManifest.xml:22:5-24:47
37        android:name="com.example.telecaller_app.DYNAMIC_RECEIVER_NOT_EXPORTED_PERMISSION"
37-->[androidx.core:core:1.13.1] AndroidManifest.xml:23:9-81
38        android:protectionLevel="signature" />
38-->[androidx.core:core:1.13.1] AndroidManifest.xml:24:9-44
39
40    <uses-permission android:name="com.example.telecaller_app.DYNAMIC_RECEIVER_NOT_EXPORTED_PERMISSION" />
40-->[androidx.core:core:1.13.1] AndroidManifest.xml:26:5-97
40-->[androidx.core:core:1.13.1] AndroidManifest.xml:26:22-94
41
42    <application
43        android:name="android.app.Application"
43-->src\main\AndroidManifest.xml:14:9-42
44        android:appComponentFactory="androidx.core.app.CoreComponentFactory"
44-->[androidx.core:core:1.13.1] AndroidManifest.xml:28:18-86
45        android:extractNativeLibs="true"
46        android:icon="@mipmap/ic_launcher"
46-->src\main\AndroidManifest.xml:15:9-43
47        android:label="telecaller_app"
47-->src\main\AndroidManifest.xml:13:9-39
48        android:networkSecurityConfig="@xml/network_security_config"
48-->src\main\AndroidManifest.xml:17:9-69
49        android:usesCleartextTraffic="false" >
49-->src\main\AndroidManifest.xml:16:9-45
50        <activity
50-->src\main\AndroidManifest.xml:18:9-39:20
51            android:name="com.example.telecaller_app.MainActivity"
51-->src\main\AndroidManifest.xml:19:13-41
52            android:configChanges="orientation|keyboardHidden|keyboard|screenSize|smallestScreenSize|locale|layoutDirection|fontScale|screenLayout|density|uiMode"
52-->src\main\AndroidManifest.xml:24:13-163
53            android:exported="true"
53-->src\main\AndroidManifest.xml:20:13-36
54            android:hardwareAccelerated="true"
54-->src\main\AndroidManifest.xml:25:13-47
55            android:launchMode="singleTop"
55-->src\main\AndroidManifest.xml:21:13-43
56            android:taskAffinity=""
56-->src\main\AndroidManifest.xml:22:13-36
57            android:theme="@style/LaunchTheme"
57-->src\main\AndroidManifest.xml:23:13-47
58            android:windowSoftInputMode="adjustResize" >
58-->src\main\AndroidManifest.xml:26:13-55
59
60            <!--
61                 Specifies an Android theme to apply to this Activity as soon as
62                 the Android process has started. This theme is visible to the user
63                 while the Flutter UI initializes. After that, this theme continues
64                 to determine the Window background behind the Flutter UI.
65            -->
66            <meta-data
66-->src\main\AndroidManifest.xml:31:13-34:17
67                android:name="io.flutter.embedding.android.NormalTheme"
67-->src\main\AndroidManifest.xml:32:15-70
68                android:resource="@style/NormalTheme" />
68-->src\main\AndroidManifest.xml:33:15-52
69
70            <intent-filter>
70-->src\main\AndroidManifest.xml:35:13-38:29
71                <action android:name="android.intent.action.MAIN" />
71-->src\main\AndroidManifest.xml:36:17-68
71-->src\main\AndroidManifest.xml:36:25-66
72
73                <category android:name="android.intent.category.LAUNCHER" />
73-->src\main\AndroidManifest.xml:37:17-76
73-->src\main\AndroidManifest.xml:37:27-74
74            </intent-filter>
75        </activity>
76        <!--
77             Don't delete the meta-data below.
78             This is used by the Flutter tool to generate GeneratedPluginRegistrant.java
79        -->
80        <meta-data
80-->src\main\AndroidManifest.xml:42:9-44:33
81            android:name="flutterEmbedding"
81-->src\main\AndroidManifest.xml:43:13-44
82            android:value="2" />
82-->src\main\AndroidManifest.xml:44:13-30
83
84        <activity
84-->[:url_launcher_android] AndroidManifest.xml:8:9-11:74
85            android:name="io.flutter.plugins.urllauncher.WebViewActivity"
85-->[:url_launcher_android] AndroidManifest.xml:9:13-74
86            android:exported="false"
86-->[:url_launcher_android] AndroidManifest.xml:10:13-37
87            android:theme="@android:style/Theme.NoTitleBar.Fullscreen" />
87-->[:url_launcher_android] AndroidManifest.xml:11:13-71
88
89        <uses-library
89-->[androidx.window:window:1.2.0] AndroidManifest.xml:23:9-25:40
90            android:name="androidx.window.extensions"
90-->[androidx.window:window:1.2.0] AndroidManifest.xml:24:13-54
91            android:required="false" />
91-->[androidx.window:window:1.2.0] AndroidManifest.xml:25:13-37
92        <uses-library
92-->[androidx.window:window:1.2.0] AndroidManifest.xml:26:9-28:40
93            android:name="androidx.window.sidecar"
93-->[androidx.window:window:1.2.0] AndroidManifest.xml:27:13-51
94            android:required="false" />
94-->[androidx.window:window:1.2.0] AndroidManifest.xml:28:13-37
95
96        <provider
96-->[androidx.lifecycle:lifecycle-process:2.7.0] AndroidManifest.xml:24:9-32:20
97            android:name="androidx.startup.InitializationProvider"
97-->[androidx.lifecycle:lifecycle-process:2.7.0] AndroidManifest.xml:25:13-67
98            android:authorities="com.example.telecaller_app.androidx-startup"
98-->[androidx.lifecycle:lifecycle-process:2.7.0] AndroidManifest.xml:26:13-68
99            android:exported="false" >
99-->[androidx.lifecycle:lifecycle-process:2.7.0] AndroidManifest.xml:27:13-37
100            <meta-data
100-->[androidx.lifecycle:lifecycle-process:2.7.0] AndroidManifest.xml:29:13-31:52
101                android:name="androidx.lifecycle.ProcessLifecycleInitializer"
101-->[androidx.lifecycle:lifecycle-process:2.7.0] AndroidManifest.xml:30:17-78
102                android:value="androidx.startup" />
102-->[androidx.lifecycle:lifecycle-process:2.7.0] AndroidManifest.xml:31:17-49
103            <meta-data
103-->[androidx.profileinstaller:profileinstaller:1.3.1] AndroidManifest.xml:29:13-31:52
104                android:name="androidx.profileinstaller.ProfileInstallerInitializer"
104-->[androidx.profileinstaller:profileinstaller:1.3.1] AndroidManifest.xml:30:17-85
105                android:value="androidx.startup" />
105-->[androidx.profileinstaller:profileinstaller:1.3.1] AndroidManifest.xml:31:17-49
106        </provider>
107
108        <receiver
108-->[androidx.profileinstaller:profileinstaller:1.3.1] AndroidManifest.xml:34:9-52:20
109            android:name="androidx.profileinstaller.ProfileInstallReceiver"
109-->[androidx.profileinstaller:profileinstaller:1.3.1] AndroidManifest.xml:35:13-76
110            android:directBootAware="false"
110-->[androidx.profileinstaller:profileinstaller:1.3.1] AndroidManifest.xml:36:13-44
111            android:enabled="true"
111-->[androidx.profileinstaller:profileinstaller:1.3.1] AndroidManifest.xml:37:13-35
112            android:exported="true"
112-->[androidx.profileinstaller:profileinstaller:1.3.1] AndroidManifest.xml:38:13-36
113            android:permission="android.permission.DUMP" >
113-->[androidx.profileinstaller:profileinstaller:1.3.1] AndroidManifest.xml:39:13-57
114            <intent-filter>
114-->[androidx.profileinstaller:profileinstaller:1.3.1] AndroidManifest.xml:40:13-42:29
115                <action android:name="androidx.profileinstaller.action.INSTALL_PROFILE" />
115-->[androidx.profileinstaller:profileinstaller:1.3.1] AndroidManifest.xml:41:17-91
115-->[androidx.profileinstaller:profileinstaller:1.3.1] AndroidManifest.xml:41:25-88
116            </intent-filter>
117            <intent-filter>
117-->[androidx.profileinstaller:profileinstaller:1.3.1] AndroidManifest.xml:43:13-45:29
118                <action android:name="androidx.profileinstaller.action.SKIP_FILE" />
118-->[androidx.profileinstaller:profileinstaller:1.3.1] AndroidManifest.xml:44:17-85
118-->[androidx.profileinstaller:profileinstaller:1.3.1] AndroidManifest.xml:44:25-82
119            </intent-filter>
120            <intent-filter>
120-->[androidx.profileinstaller:profileinstaller:1.3.1] AndroidManifest.xml:46:13-48:29
121                <action android:name="androidx.profileinstaller.action.SAVE_PROFILE" />
121-->[androidx.profileinstaller:profileinstaller:1.3.1] AndroidManifest.xml:47:17-88
121-->[androidx.profileinstaller:profileinstaller:1.3.1] AndroidManifest.xml:47:25-85
122            </intent-filter>
123            <intent-filter>
123-->[androidx.profileinstaller:profileinstaller:1.3.1] AndroidManifest.xml:49:13-51:29
124                <action android:name="androidx.profileinstaller.action.BENCHMARK_OPERATION" />
124-->[androidx.profileinstaller:profileinstaller:1.3.1] AndroidManifest.xml:50:17-95
124-->[androidx.profileinstaller:profileinstaller:1.3.1] AndroidManifest.xml:50:25-92
125            </intent-filter>
126        </receiver>
127    </application>
128
129</manifest>